template\scripts\rh.min.js
template\scripts\common.min.js
template\scripts\topic.min.js
template\scripts\constants.js
template\scripts\utils.js
template\scripts\mhutils.js
template\scripts\mhlang.js
template\scripts\mhver.js
template\scripts\settings.js
template\scripts\xmljsreader.js
template\scripts\loadparentdata.js
template\scripts\loadscreen.js
template\scripts\loadprojdata.js
template\scripts\mhtopic.js
template\styles\widgets.min.css
template\styles\topic.min.css
template\scripts\layout.min.js
template\scripts\projectdata.js
template\scripts\loadcsh.js
template\scripts\showhidecontrols.js
template\scripts\pageloader.js
template\images\modal-close.png
template\images\expand.png
template\resources\loadingdata.gif
template\scripts\indextree.js
template\scripts\indextreeloader.js
template\scripts\glossarylist.js
template\scripts\glossarylistloader.js
template\styles\layoutfix.min.css
template\styles\layout.min.css
template\scripts\mhfhost.js
template\scripts\search.js
template\resources\bsback.png
template\resources\bsnext.png
LOGO.png
