|SourceProjectName:PalTalk-tc.hpr
|DestinationProjectName:index.htm
index_hha.hhk
index.hhc
index.hhk
Paltoc-tc\ChineseLanguage.htm
Paltoc-tc\index.htm
Paltoc-tc\newpal\newpal.htm
Paltoc-tc\newpal\newpal_BranchStory\newpal_BranchStory.htm
Paltoc-tc\newpal\newpal_BranchStory\newpal_BranchStory_01.htm
Paltoc-tc\newpal\newpal_BranchStory\newpal_BranchStory_02.htm
Paltoc-tc\newpal\newpal_BranchStory\newpal_BranchStory_03.htm
Paltoc-tc\newpal\newpal_BranchStory\newpal_BranchStory_04.htm
Paltoc-tc\newpal\newpal_BranchStory\newpal_BranchStory_05.htm
Paltoc-tc\newpal\newpal_BranchStory\newpal_BranchStory_06.htm
Paltoc-tc\newpal\newpal_Combatdialogue.htm
Paltoc-tc\newpal\newpal_Combatdialogue2.htm
Paltoc-tc\newpal\newpal_MainStory\newpal_MainStory.htm
Paltoc-tc\newpal\newpal_MainStory\newpal_MainStory_01.htm
Paltoc-tc\newpal\newpal_MainStory\newpal_MainStory_02.htm
Paltoc-tc\newpal\newpal_MainStory\newpal_MainStory_03.htm
Paltoc-tc\newpal\newpal_MainStory\newpal_MainStory_04.htm
Paltoc-tc\newpal\newpal_MainStory\newpal_MainStory_05.htm
Paltoc-tc\newpal\newpal_MainStory\newpal_MainStory_06.htm
Paltoc-tc\newpal\newpal_MainStory\newpal_MainStory_07.htm
Paltoc-tc\newpal\newpal_MainStory\newpal_MainStory_08.htm
Paltoc-tc\newpal\newpal_MainStory\newpal_MainStory_09.htm
Paltoc-tc\newpal\newpal_MainStory\newpal_MainStory_10.htm
Paltoc-tc\newpal\newpal_MainStory\newpal_MainStory_11.htm
Paltoc-tc\newpal\newpal_MainStory\newpal_MainStory_12.htm
Paltoc-tc\newpal\newpal_NPCTalk\newpal_NPCTalk_01.htm
Paltoc-tc\newpal\newpal_NPCTalk\newpal_NPCTalk_02.htm
Paltoc-tc\newpal\newpal_NPCTalk\newpal_NPCTalk_03.htm
Paltoc-tc\newpal\newpal_NPCTalk\newpal_NPCTalk_04.htm
Paltoc-tc\newpal\newpal_NPCTalk\newpal_NPCTalk_05.htm
Paltoc-tc\newpal\newpal_NPCTalk\newpal_NPCTalk_06.htm
Paltoc-tc\newpal\newpal_NPCTalk\newpal_NPCTalk_07.htm
Paltoc-tc\newpal\newpal_NPCTalk\newpal_NPCTalk_08.htm
Paltoc-tc\newpal\newpal_NPCTalk\newpal_NPCTalk_09.htm
Paltoc-tc\newpal\newpal_NPCTalk\newpal_NPCTalk_10.htm
Paltoc-tc\newpal\newpal_NPCTalk\newpal_NPCTalk_11.htm
Paltoc-tc\otherexplain.htm
Paltoc-tc\pal2\pal2.htm
Paltoc-tc\pal2\pal2_BranchStory\pal2_BranchStory.htm
Paltoc-tc\pal2\pal2_BranchStory\pal2_BranchStory_01.htm
Paltoc-tc\pal2\pal2_BranchStory\pal2_BranchStory_02.htm
Paltoc-tc\pal2\pal2_BranchStory\pal2_BranchStory_03.htm
Paltoc-tc\pal2\pal2_BranchStory\pal2_BranchStory_04.htm
Paltoc-tc\pal2\pal2_BranchStory\pal2_BranchStory_05.htm
Paltoc-tc\pal2\pal2_BranchStory\pal2_BranchStory_06.htm
Paltoc-tc\pal2\pal2_BranchStory\pal2_BranchStory_07.htm
Paltoc-tc\pal2\pal2_BranchStory\pal2_BranchStory_08.htm
Paltoc-tc\pal2\pal2_BranchStory\pal2_BranchStory_09.htm
Paltoc-tc\pal2\pal2_Combatdialogue.htm
Paltoc-tc\pal2\pal2_MainStory\pal2_MainStory.htm
Paltoc-tc\pal2\pal2_MainStory\pal2_MainStory_01.htm
Paltoc-tc\pal2\pal2_MainStory\pal2_MainStory_02.htm
Paltoc-tc\pal2\pal2_MainStory\pal2_MainStory_03.htm
Paltoc-tc\pal2\pal2_MainStory\pal2_MainStory_04.htm
Paltoc-tc\pal2\pal2_MainStory\pal2_MainStory_05.htm
Paltoc-tc\pal2\pal2_MainStory\pal2_MainStory_06.htm
Paltoc-tc\pal2\pal2_MainStory\pal2_MainStory_07.htm
Paltoc-tc\pal2\pal2_MainStory\pal2_MainStory_08.htm
Paltoc-tc\pal2\pal2_MainStory\pal2_MainStory_09.htm
Paltoc-tc\pal2\pal2_MainStory\pal2_MainStory_10.htm
Paltoc-tc\pal2\pal2_MainStory\pal2_MainStory_11.htm
Paltoc-tc\pal2\pal2_MainStory\pal2_MainStory_12.htm
Paltoc-tc\pal2\pal2_MainStory\pal2_MainStory_13.htm
Paltoc-tc\pal2\pal2_MainStory\pal2_MainStory_14.htm
Paltoc-tc\pal2\pal2_MainStory\pal2_MainStory_15.htm
Paltoc-tc\pal2\pal2_MainStory\pal2_MainStory_16.htm
Paltoc-tc\pal2\pal2_MainStory\pal2_MainStory_17.htm
Paltoc-tc\pal2\pal2_MainStory\pal2_MainStory_18.htm
Paltoc-tc\pal2\pal2_MainStory\pal2_MainStory_19.htm
Paltoc-tc\pal2\pal2_MainStory\pal2_MainStory_20.htm
Paltoc-tc\pal2\pal2_MainStory\pal2_MainStory_21.htm
Paltoc-tc\pal2\pal2_NPCTalk\pal2_NPCTalk_01.htm
Paltoc-tc\pal2\pal2_NPCTalk\pal2_NPCTalk_02.htm
Paltoc-tc\pal2\pal2_NPCTalk\pal2_NPCTalk_03.htm
Paltoc-tc\pal2\pal2_NPCTalk\pal2_NPCTalk_04.htm
Paltoc-tc\pal2\pal2_NPCTalk\pal2_NPCTalk_05.htm
Paltoc-tc\pal2\pal2_NPCTalk\pal2_NPCTalk_06.htm
Paltoc-tc\pal2\pal2_NPCTalk\pal2_NPCTalk_07.htm
Paltoc-tc\pal2\pal2_NPCTalk\pal2_NPCTalk_08.htm
Paltoc-tc\pal3\pal3.htm
Paltoc-tc\pal3\pal3_BranchStory\pal3_BranchStory.htm
Paltoc-tc\pal3\pal3_BranchStory\pal3_BranchStory_01.htm
Paltoc-tc\pal3\pal3_BranchStory\pal3_BranchStory_02.htm
Paltoc-tc\pal3\pal3_BranchStory\pal3_BranchStory_03.htm
Paltoc-tc\pal3\pal3_BranchStory\pal3_BranchStory_04.htm
Paltoc-tc\pal3\pal3_BranchStory\pal3_BranchStory_05.htm
Paltoc-tc\pal3\pal3_BranchStory\pal3_BranchStory_06.htm
Paltoc-tc\pal3\pal3_BranchStory\pal3_BranchStory_07.htm
Paltoc-tc\pal3\pal3_BranchStory\pal3_BranchStory_08.htm
Paltoc-tc\pal3\pal3_BranchStory\pal3_BranchStory_09.htm
Paltoc-tc\pal3\pal3_BranchStory\pal3_BranchStory_10.htm
Paltoc-tc\pal3\pal3_BranchStory\pal3_BranchStory_11.htm
Paltoc-tc\pal3\pal3_BranchStory\pal3_BranchStory_12.htm
Paltoc-tc\pal3\pal3_BranchStory\pal3_BranchStory_13.htm
Paltoc-tc\pal3\pal3_BranchStory\pal3_BranchStory_14.htm
Paltoc-tc\pal3\pal3_BranchStory\pal3_BranchStory_15.htm
Paltoc-tc\pal3\pal3_BranchStory\pal3_BranchStory_16.htm
Paltoc-tc\pal3\pal3_BranchStory\pal3_BranchStory_17.htm
Paltoc-tc\pal3\pal3_BranchStory\pal3_BranchStory_18.htm
Paltoc-tc\pal3\pal3_BranchStory\pal3_BranchStory_19.htm
Paltoc-tc\pal3\pal3_Combatdialogue.htm
Paltoc-tc\pal3\pal3_Discount_drugstore.htm
Paltoc-tc\pal3\pal3_Discount_grocery.htm
Paltoc-tc\pal3\pal3_Discount_merchant.htm
Paltoc-tc\pal3\pal3_Discount_weapon.htm
Paltoc-tc\pal3\pal3_MainStory\pal3_MainStory.htm
Paltoc-tc\pal3\pal3_MainStory\pal3_MainStory_01.htm
Paltoc-tc\pal3\pal3_MainStory\pal3_MainStory_02.htm
Paltoc-tc\pal3\pal3_MainStory\pal3_MainStory_03.htm
Paltoc-tc\pal3\pal3_MainStory\pal3_MainStory_04.htm
Paltoc-tc\pal3\pal3_MainStory\pal3_MainStory_05.htm
Paltoc-tc\pal3\pal3_MainStory\pal3_MainStory_06.htm
Paltoc-tc\pal3\pal3_MainStory\pal3_MainStory_07.htm
Paltoc-tc\pal3\pal3_MainStory\pal3_MainStory_08.htm
Paltoc-tc\pal3\pal3_MainStory\pal3_MainStory_09.htm
Paltoc-tc\pal3\pal3_MainStory\pal3_MainStory_10.htm
Paltoc-tc\pal3\pal3_MainStory\pal3_MainStory_11.htm
Paltoc-tc\pal3\pal3_MainStory\pal3_MainStory_12.htm
Paltoc-tc\pal3\pal3_MainStory\pal3_MainStory_13.htm
Paltoc-tc\pal3\pal3_MainStory\pal3_MainStory_14.htm
Paltoc-tc\pal3\pal3_MainStory\pal3_MainStory_15.htm
Paltoc-tc\pal3\pal3_MainStory\pal3_MainStory_16.htm
Paltoc-tc\pal3\pal3_MainStory\pal3_MainStory_17.htm
Paltoc-tc\pal3\pal3_MainStory\pal3_MainStory_18.htm
Paltoc-tc\pal3\pal3_MainStory\pal3_MainStory_19.htm
Paltoc-tc\pal3\pal3_MainStory\pal3_MainStory_20.htm
Paltoc-tc\pal3\pal3_MainStory\pal3_MainStory_21.htm
Paltoc-tc\pal3\pal3_NPCTalk\pal3_NPCTalk_01.htm
Paltoc-tc\pal3\pal3_NPCTalk\pal3_NPCTalk_01_1.htm
Paltoc-tc\pal3\pal3_NPCTalk\pal3_NPCTalk_01_2.htm
Paltoc-tc\pal3\pal3_NPCTalk\pal3_NPCTalk_01_3.htm
Paltoc-tc\pal3\pal3_NPCTalk\pal3_NPCTalk_01_4.htm
Paltoc-tc\pal3\pal3_NPCTalk\pal3_NPCTalk_01_5.htm
Paltoc-tc\pal3\pal3_NPCTalk\pal3_NPCTalk_01_6.htm
Paltoc-tc\pal3\pal3_NPCTalk\pal3_NPCTalk_01_7.htm
Paltoc-tc\pal3\pal3_NPCTalk\pal3_NPCTalk_01_8.htm
Paltoc-tc\pal3\pal3_NPCTalk\pal3_NPCTalk_02.htm
Paltoc-tc\pal3\pal3_NPCTalk\pal3_NPCTalk_03.htm
Paltoc-tc\pal3\pal3_NPCTalk\pal3_NPCTalk_04.htm
Paltoc-tc\pal3\pal3_NPCTalk\pal3_NPCTalk_05.htm
Paltoc-tc\pal3\pal3_NPCTalk\pal3_NPCTalk_06.htm
Paltoc-tc\pal3\pal3_NPCTalk\pal3_NPCTalk_07.htm
Paltoc-tc\pal3\pal3_NPCTalk\pal3_NPCTalk_08.htm
Paltoc-tc\pal3\pal3_NPCTalk\pal3_NPCTalk_09.htm
Paltoc-tc\pal3\pal3_NPCTalk\pal3_NPCTalk_10.htm
Paltoc-tc\pal3\pal3_NPCTalk\pal3_NPCTalk_11.htm
Paltoc-tc\pal3\pal3_NPCTalk\pal3_NPCTalk_12.htm
Paltoc-tc\pal3\pal3_NPCTalk\pal3_NPCTalk_13.htm
Paltoc-tc\pal3\pal3_NPCTalk\pal3_NPCTalk_14.htm
Paltoc-tc\pal3\pal3_NPCTalk\pal3_NPCTalk_15.htm
Paltoc-tc\pal3\pal3_NPCTalk\pal3_NPCTalk_16.htm
Paltoc-tc\pal3\pal3_NPCTalk\pal3_NPCTalk_17.htm
Paltoc-tc\pal3\pal3_NPCTalk\pal3_NPCTalk_18.htm
Paltoc-tc\pal3\pal3_rest.htm
Paltoc-tc\pal3a\pal3a.htm
Paltoc-tc\pal3a\pal3a_BranchStory\pal3a_BranchStory.htm
Paltoc-tc\pal3a\pal3a_BranchStory\pal3a_BranchStory_01.htm
Paltoc-tc\pal3a\pal3a_BranchStory\pal3a_BranchStory_02.htm
Paltoc-tc\pal3a\pal3a_BranchStory\pal3a_BranchStory_03.htm
Paltoc-tc\pal3a\pal3a_BranchStory\pal3a_BranchStory_04.htm
Paltoc-tc\pal3a\pal3a_BranchStory\pal3a_BranchStory_05.htm
Paltoc-tc\pal3a\pal3a_BranchStory\pal3a_BranchStory_06.htm
Paltoc-tc\pal3a\pal3a_BranchStory\pal3a_BranchStory_07.htm
Paltoc-tc\pal3a\pal3a_BranchStory\pal3a_BranchStory_08.htm
Paltoc-tc\pal3a\pal3a_BranchStory\pal3a_BranchStory_09.htm
Paltoc-tc\pal3a\pal3a_Combatdialogue.htm
Paltoc-tc\pal3a\pal3a_CompDonate.htm
Paltoc-tc\pal3a\pal3a_Discount_drugstore.htm
Paltoc-tc\pal3a\pal3a_Discount_item.htm
Paltoc-tc\pal3a\pal3a_Discount_weapon.htm
Paltoc-tc\pal3a\pal3a_MainStory\pal3a_MainStory.htm
Paltoc-tc\pal3a\pal3a_MainStory\pal3a_MainStory_01.htm
Paltoc-tc\pal3a\pal3a_MainStory\pal3a_MainStory_02.htm
Paltoc-tc\pal3a\pal3a_MainStory\pal3a_MainStory_03.htm
Paltoc-tc\pal3a\pal3a_MainStory\pal3a_MainStory_04.htm
Paltoc-tc\pal3a\pal3a_MainStory\pal3a_MainStory_05.htm
Paltoc-tc\pal3a\pal3a_MainStory\pal3a_MainStory_06.htm
Paltoc-tc\pal3a\pal3a_MainStory\pal3a_MainStory_07.htm
Paltoc-tc\pal3a\pal3a_MainStory\pal3a_MainStory_08.htm
Paltoc-tc\pal3a\pal3a_MainStory\pal3a_MainStory_09.htm
Paltoc-tc\pal3a\pal3a_MainStory\pal3a_MainStory_10.htm
Paltoc-tc\pal3a\pal3a_MainStory\pal3a_MainStory_11.htm
Paltoc-tc\pal3a\pal3a_MainStory\pal3a_MainStory_12.htm
Paltoc-tc\pal3a\pal3a_MainStory\pal3a_MainStory_13.htm
Paltoc-tc\pal3a\pal3a_MainStory\pal3a_MainStory_14.htm
Paltoc-tc\pal3a\pal3a_MainStory\pal3a_MainStory_15.htm
Paltoc-tc\pal3a\pal3a_MainStory\pal3a_MainStory_16.htm
Paltoc-tc\pal3a\pal3a_MainStory\pal3a_MainStory_17.htm
Paltoc-tc\pal3a\pal3a_MainStory\pal3a_MainStory_18.htm
Paltoc-tc\pal3a\pal3a_MainStory\pal3a_MainStory_19.htm
Paltoc-tc\pal3a\pal3a_MainStory\pal3a_MainStory_20.htm
Paltoc-tc\pal3a\pal3a_MainStory\pal3a_MainStory_21.htm
Paltoc-tc\pal3a\pal3a_NPCTalk\lishushan\pal3a_NPCTalk_04_0.htm
Paltoc-tc\pal3a\pal3a_NPCTalk\lishushan\pal3a_NPCTalk_04_1.htm
Paltoc-tc\pal3a\pal3a_NPCTalk\lishushan\pal3a_NPCTalk_04_2.htm
Paltoc-tc\pal3a\pal3a_NPCTalk\lishushan\pal3a_NPCTalk_04_3.htm
Paltoc-tc\pal3a\pal3a_NPCTalk\lishushan\pal3a_NPCTalk_04_4.htm
Paltoc-tc\pal3a\pal3a_NPCTalk\lishushan\pal3a_NPCTalk_04_5.htm
Paltoc-tc\pal3a\pal3a_NPCTalk\pal3a_NPCTalk_01.htm
Paltoc-tc\pal3a\pal3a_NPCTalk\pal3a_NPCTalk_02.htm
Paltoc-tc\pal3a\pal3a_NPCTalk\pal3a_NPCTalk_03.htm
Paltoc-tc\pal3a\pal3a_NPCTalk\pal3a_NPCTalk_04.htm
Paltoc-tc\pal3a\pal3a_NPCTalk\pal3a_NPCTalk_05.htm
Paltoc-tc\pal3a\pal3a_NPCTalk\pal3a_NPCTalk_06.htm
Paltoc-tc\pal3a\pal3a_NPCTalk\pal3a_NPCTalk_07.htm
Paltoc-tc\pal3a\pal3a_NPCTalk\pal3a_NPCTalk_08.htm
Paltoc-tc\pal3a\pal3a_NPCTalk\pal3a_NPCTalk_09.htm
Paltoc-tc\pal3a\pal3a_NPCTalk\pal3a_NPCTalk_10.htm
Paltoc-tc\pal3a\pal3a_NPCTalk\shushan\pal3a_NPCTalk_02_1.htm
Paltoc-tc\pal3a\pal3a_NPCTalk\shushan\pal3a_NPCTalk_02_2.htm
Paltoc-tc\pal3a\pal3a_NPCTalk\shushan\pal3a_NPCTalk_02_3.htm
Paltoc-tc\pal3a\pal3a_NPCTalk\shushan\pal3a_NPCTalk_02_4.htm
Paltoc-tc\pal3a\pal3a_NPCTalk\shushan\pal3a_NPCTalk_02_5.htm
Paltoc-tc\pal3a\pal3a_NPCTalk\shushan\pal3a_NPCTalk_02_6.htm
Paltoc-tc\pal3a\pal3a_NPCTalk\shushan\pal3a_NPCTalk_02_7.htm
Paltoc-tc\pal3a\pal3a_NPCTalk\shushan\pal3a_NPCTalk_02_8.htm
Paltoc-tc\pal3a\pal3a_NPCTalk\shushan\pal3a_NPCTalk_02_9.htm
Paltoc-tc\pal3a\pal3a_other.htm
Paltoc-tc\pal3a\pal3a_rest.htm
Paltoc-tc\pal3a\pal3a_xjtm.htm
Paltoc-tc\pal4\pal4.htm
Paltoc-tc\pal4\pal4_BranchQuest\pal4_BranchQuest.htm
Paltoc-tc\pal4\pal4_BranchQuest\pal4_BranchQuest_01.htm
Paltoc-tc\pal4\pal4_BranchStory\pal4_BranchStory.htm
Paltoc-tc\pal4\pal4_BranchStory\pal4_BranchStory_01.htm
Paltoc-tc\pal4\pal4_BranchStory\pal4_BranchStory_02.htm
Paltoc-tc\pal4\pal4_BranchStory\pal4_BranchStory_03.htm
Paltoc-tc\pal4\pal4_BranchStory\pal4_BranchStory_04.htm
Paltoc-tc\pal4\pal4_BranchStory\pal4_BranchStory_05.htm
Paltoc-tc\pal4\pal4_BranchStory\pal4_BranchStory_06.htm
Paltoc-tc\pal4\pal4_BranchStory\pal4_BranchStory_07.htm
Paltoc-tc\pal4\pal4_BranchStory\pal4_BranchStory_08.htm
Paltoc-tc\pal4\pal4_MainStory\pal4_MainStory.htm
Paltoc-tc\pal4\pal4_MainStory\pal4_MainStory_00.htm
Paltoc-tc\pal4\pal4_MainStory\pal4_MainStory_01_01.htm
Paltoc-tc\pal4\pal4_MainStory\pal4_MainStory_01_02.htm
Paltoc-tc\pal4\pal4_MainStory\pal4_MainStory_01_03.htm
Paltoc-tc\pal4\pal4_MainStory\pal4_MainStory_01_04.htm
Paltoc-tc\pal4\pal4_MainStory\pal4_MainStory_01_05.htm
Paltoc-tc\pal4\pal4_MainStory\pal4_MainStory_01_06.htm
Paltoc-tc\pal4\pal4_MainStory\pal4_MainStory_01_07.htm
Paltoc-tc\pal4\pal4_MainStory\pal4_MainStory_01_08.htm
Paltoc-tc\pal4\pal4_MainStory\pal4_MainStory_01_09.htm
Paltoc-tc\pal4\pal4_MainStory\pal4_MainStory_02_01.htm
Paltoc-tc\pal4\pal4_MainStory\pal4_MainStory_02_02.htm
Paltoc-tc\pal4\pal4_MainStory\pal4_MainStory_02_03.htm
Paltoc-tc\pal4\pal4_MainStory\pal4_MainStory_02_04.htm
Paltoc-tc\pal4\pal4_MainStory\pal4_MainStory_02_05.htm
Paltoc-tc\pal4\pal4_MainStory\pal4_MainStory_02_06.htm
Paltoc-tc\pal4\pal4_MainStory\pal4_MainStory_02_07.htm
Paltoc-tc\pal4\pal4_MainStory\pal4_MainStory_02_08.htm
Paltoc-tc\pal4\pal4_MainStory\pal4_MainStory_02_09.htm
Paltoc-tc\pal4\pal4_MainStory\pal4_MainStory_02_10.htm
Paltoc-tc\pal4\pal4_MainStory\pal4_MainStory_02_11.htm
Paltoc-tc\pal4\pal4_MainStory\pal4_MainStory_02_12.htm
Paltoc-tc\pal4\pal4_MainStory\pal4_MainStory_02_13.htm
Paltoc-tc\pal4\pal4_MainStory\pal4_MainStory_03_01.htm
Paltoc-tc\pal4\pal4_MainStory\pal4_MainStory_03_02.htm
Paltoc-tc\pal4\pal4_MainStory\pal4_MainStory_03_03.htm
Paltoc-tc\pal4\pal4_MainStory\pal4_MainStory_03_04.htm
Paltoc-tc\pal4\pal4_MainStory\pal4_MainStory_03_05.htm
Paltoc-tc\pal4\pal4_MainStory\pal4_MainStory_03_06.htm
Paltoc-tc\pal4\pal4_MainStory\pal4_MainStory_03_07.htm
Paltoc-tc\pal4\pal4_MainStory\pal4_MainStory_03_08.htm
Paltoc-tc\pal4\pal4_MainStory\pal4_MainStory_03_09.htm
Paltoc-tc\pal4\pal4_MainStory\pal4_MainStory_04_01.htm
Paltoc-tc\pal4\pal4_MainStory\pal4_MainStory_04_02.htm
Paltoc-tc\pal4\pal4_MainStory\pal4_MainStory_04_03.htm
Paltoc-tc\pal4\pal4_MainStory\pal4_MainStory_04_04.htm
Paltoc-tc\pal4\pal4_MainStory\pal4_MainStory_details.htm
Paltoc-tc\pal4\pal4_NPCTalk\pal4_NPCTalk_01.htm
Paltoc-tc\pal4\pal4_NPCTalk\pal4_NPCTalk_02.htm
Paltoc-tc\pal4\pal4_NPCTalk\pal4_NPCTalk_03.htm
Paltoc-tc\pal4\pal4_NPCTalk\pal4_NPCTalk_04.htm
Paltoc-tc\pal4\pal4_NPCTalk\pal4_NPCTalk_05.htm
Paltoc-tc\pal4\pal4_NPCTalk\pal4_NPCTalk_06.htm
Paltoc-tc\pal4\pal4_NPCTalk\pal4_NPCTalk_07.htm
Paltoc-tc\pal4\pal4_NPCTalk\pal4_NPCTalk_08.htm
Paltoc-tc\pal4\pal4_NPCTalk\pal4_NPCTalk_09.htm
Paltoc-tc\pal4\pal4_NPCTalk\pal4_NPCTalk_10.htm
Paltoc-tc\pal4\pal4_NPCTalk\pal4_NPCTalk_11.htm
Paltoc-tc\pal4\pal4_NPCTalk\pal4_NPCTalk_12.htm
Paltoc-tc\pal4\pal4_NPCTalk\pal4_NPCTalk_13.htm
Paltoc-tc\pal4\pal4_NPCTalk\pal4_NPCTalk_14.htm
Paltoc-tc\pal4\pal4_xjtm.htm
Paltoc-tc\pal5\pal5.htm
Paltoc-tc\pal5\pal5_BranchStory\pal5_BranchStory.htm
Paltoc-tc\pal5\pal5_BranchStory\pal5_BranchStory_01.htm
Paltoc-tc\pal5\pal5_BranchStory\pal5_BranchStory_02.htm
Paltoc-tc\pal5\pal5_BranchStory\pal5_BranchStory_03.htm
Paltoc-tc\pal5\pal5_BranchStory\pal5_BranchStory_04.htm
Paltoc-tc\pal5\pal5_BranchStory\pal5_BranchStory_05.htm
Paltoc-tc\pal5\pal5_BranchStory\pal5_BranchStory_06.htm
Paltoc-tc\pal5\pal5_BranchStory\pal5_BranchStory_07.htm
Paltoc-tc\pal5\pal5_BranchStory\pal5_BranchStory_08.htm
Paltoc-tc\pal5\pal5_Combatdialogue.htm
Paltoc-tc\pal5\pal5_MainStory\pal5_MainStory.htm
Paltoc-tc\pal5\pal5_MainStory\pal5_MainStory_01.htm
Paltoc-tc\pal5\pal5_MainStory\pal5_MainStory_02.htm
Paltoc-tc\pal5\pal5_MainStory\pal5_MainStory_03.htm
Paltoc-tc\pal5\pal5_MainStory\pal5_MainStory_04.htm
Paltoc-tc\pal5\pal5_MainStory\pal5_MainStory_05.htm
Paltoc-tc\pal5\pal5_MainStory\pal5_MainStory_06.htm
Paltoc-tc\pal5\pal5_MainStory\pal5_MainStory_07.htm
Paltoc-tc\pal5\pal5_MainStory\pal5_MainStory_08.htm
Paltoc-tc\pal5\pal5_MainStory\pal5_MainStory_09.htm
Paltoc-tc\pal5\pal5_MainStory\pal5_MainStory_10.htm
Paltoc-tc\pal5\pal5_MainStory\pal5_MainStory_11.htm
Paltoc-tc\pal5\pal5_MainStory\pal5_MainStory_12.htm
Paltoc-tc\pal5\pal5_MainStory\pal5_MainStory_13.htm
Paltoc-tc\pal5\pal5_MainStory\pal5_MainStory_14.htm
Paltoc-tc\pal5\pal5_MainStory\pal5_MainStory_15.htm
Paltoc-tc\pal5\pal5_MainStory\pal5_MainStory_16.htm
Paltoc-tc\pal5\pal5_MainStory\pal5_MainStory_17.htm
Paltoc-tc\pal5\pal5_MainStory\pal5_MainStory_18.htm
Paltoc-tc\pal5\pal5_MainStory\pal5_MainStory_19.htm
Paltoc-tc\pal5\pal5_MainStory\pal5_MainStory_20.htm
Paltoc-tc\pal5\pal5_MainStory\pal5_MainStory_21.htm
Paltoc-tc\pal5\pal5_MainStory\pal5_MainStory_22.htm
Paltoc-tc\pal5\pal5_MainStory\pal5_MainStory_23.htm
Paltoc-tc\pal5\pal5_MainStory\pal5_MainStory_24.htm
Paltoc-tc\pal5\pal5_MainStory\pal5_MainStory_25.htm
Paltoc-tc\pal5\pal5_MainStory\pal5_MainStory_26.htm
Paltoc-tc\pal5\pal5_MainStory\pal5_MainStory_27.htm
Paltoc-tc\pal5\pal5_MainStory\pal5_MainStory_28.htm
Paltoc-tc\pal5\pal5_MainStory\pal5_MainStory_29.htm
Paltoc-tc\pal5\pal5_MainStory\pal5_MainStory_30.htm
Paltoc-tc\pal5\pal5_MainStory\pal5_MainStory_31.htm
Paltoc-tc\pal5\pal5_MainStory\pal5_MainStory_32.htm
Paltoc-tc\pal5\pal5_MainStory\pal5_MainStory_33.htm
Paltoc-tc\pal5\pal5_MainStory\pal5_MainStory_34.htm
Paltoc-tc\pal5\pal5_MainStory\pal5_MainStory_35.htm
Paltoc-tc\pal5\pal5_MainStory\pal5_MainStory_36.htm
Paltoc-tc\pal5\pal5_MainStory\pal5_MainStory_37.htm
Paltoc-tc\pal5\pal5_MainStory\pal5_MainStory_38.htm
Paltoc-tc\pal5\pal5_MainStory\pal5_MainStory_DLC01.htm
Paltoc-tc\pal5\pal5_MainStory\pal5_MainStory_DLC02.htm
Paltoc-tc\pal5\pal5_MainStory\pal5_MainStory_DLC03.htm
Paltoc-tc\pal5\pal5_MainStory\pal5_MainStory_DLC04.htm
Paltoc-tc\pal5\pal5_MainStory\pal5_MainStory_DLC05.htm
Paltoc-tc\pal5\pal5_megreslibrary.htm
Paltoc-tc\pal5\pal5_NPCTalk\pal5_NPCTalk_01.htm
Paltoc-tc\pal5\pal5_NPCTalk\pal5_NPCTalk_02.htm
Paltoc-tc\pal5\pal5_NPCTalk\pal5_NPCTalk_03.htm
Paltoc-tc\pal5\pal5_NPCTalk\pal5_NPCTalk_04.htm
Paltoc-tc\pal5\pal5_NPCTalk\pal5_NPCTalk_05.htm
Paltoc-tc\pal5\pal5_NPCTalk\pal5_NPCTalk_06.htm
Paltoc-tc\pal5\pal5_NPCTalk\pal5_NPCTalk_07.htm
Paltoc-tc\pal5\pal5_NPCTalk\pal5_NPCTalk_08.htm
Paltoc-tc\pal5\pal5_NPCTalk\pal5_NPCTalk_09.htm
Paltoc-tc\pal5\pal5_NPCTalk\pal5_NPCTalk_10.htm
Paltoc-tc\pal5\pal5_NPCTalk\pal5_NPCTalk_11.htm
Paltoc-tc\pal5\pal5_other.htm
Paltoc-tc\pal5q\pal5q.htm
Paltoc-tc\pal5q\pal5q_BranchQuest\pal5q_BranchQuest.htm
Paltoc-tc\pal5q\pal5q_BranchQuest\pal5q_BranchQuest_01.htm
Paltoc-tc\pal5q\pal5q_BranchQuest\pal5q_BranchQuest_02.htm
Paltoc-tc\pal5q\pal5q_BranchQuest\pal5q_BranchQuest_03.htm
Paltoc-tc\pal5q\pal5q_BranchQuest\pal5q_BranchQuest_04.htm
Paltoc-tc\pal5q\pal5q_BranchQuest\pal5q_BranchQuest_05.htm
Paltoc-tc\pal5q\pal5q_BranchQuest\pal5q_BranchQuest_06.htm
Paltoc-tc\pal5q\pal5q_BranchQuest\pal5q_BranchQuest_07.htm
Paltoc-tc\pal5q\pal5q_BranchQuest\pal5q_BranchQuest_08.htm
Paltoc-tc\pal5q\pal5q_BranchQuest\pal5q_BranchQuest_09.htm
Paltoc-tc\pal5q\pal5q_BranchQuest\pal5q_BranchQuest_10.htm
Paltoc-tc\pal5q\pal5q_BranchQuest\pal5q_BranchQuest_11.htm
Paltoc-tc\pal5q\pal5q_BranchQuest\pal5q_BranchQuest_12.htm
Paltoc-tc\pal5q\pal5q_BranchQuest\pal5q_BranchQuest_13.htm
Paltoc-tc\pal5q\pal5q_BranchQuest\pal5q_BranchQuest_14.htm
Paltoc-tc\pal5q\pal5q_BranchQuest\pal5q_BranchQuest_15.htm
Paltoc-tc\pal5q\pal5q_BranchStory\pal5q_BranchStory.htm
Paltoc-tc\pal5q\pal5q_BranchStory\pal5q_BranchStory_01.htm
Paltoc-tc\pal5q\pal5q_BranchStory\pal5q_BranchStory_02.htm
Paltoc-tc\pal5q\pal5q_BranchStory\pal5q_BranchStory_03.htm
Paltoc-tc\pal5q\pal5q_BranchStory\pal5q_BranchStory_04.htm
Paltoc-tc\pal5q\pal5q_BranchStory\pal5q_BranchStory_05.htm
Paltoc-tc\pal5q\pal5q_BranchStory\pal5q_BranchStory_06.htm
Paltoc-tc\pal5q\pal5q_BranchStory\pal5q_BranchStory_07.htm
Paltoc-tc\pal5q\pal5q_BranchStory\pal5q_BranchStory_08.htm
Paltoc-tc\pal5q\pal5q_BranchStory\pal5q_BranchStory_09.htm
Paltoc-tc\pal5q\pal5q_BranchStory\pal5q_BranchStory_10.htm
Paltoc-tc\pal5q\pal5q_Combatdialogue.htm
Paltoc-tc\pal5q\pal5q_MainStory\pal5q_MainStory.htm
Paltoc-tc\pal5q\pal5q_MainStory\pal5q_MainStory_01.htm
Paltoc-tc\pal5q\pal5q_MainStory\pal5q_MainStory_02.htm
Paltoc-tc\pal5q\pal5q_MainStory\pal5q_MainStory_03.htm
Paltoc-tc\pal5q\pal5q_MainStory\pal5q_MainStory_04.htm
Paltoc-tc\pal5q\pal5q_MainStory\pal5q_MainStory_05.htm
Paltoc-tc\pal5q\pal5q_MainStory\pal5q_MainStory_06.htm
Paltoc-tc\pal5q\pal5q_MainStory\pal5q_MainStory_07.htm
Paltoc-tc\pal5q\pal5q_MainStory\pal5q_MainStory_08.htm
Paltoc-tc\pal5q\pal5q_MainStory\pal5q_MainStory_09.htm
Paltoc-tc\pal5q\pal5q_MainStory\pal5q_MainStory_10.htm
Paltoc-tc\pal5q\pal5q_MainStory\pal5q_MainStory_11.htm
Paltoc-tc\pal5q\pal5q_MainStory\pal5q_MainStory_12.htm
Paltoc-tc\pal5q\pal5q_MainStory\pal5q_MainStory_13.htm
Paltoc-tc\pal5q\pal5q_MainStory\pal5q_MainStory_14.htm
Paltoc-tc\pal5q\pal5q_MainStory\pal5q_MainStory_15.htm
Paltoc-tc\pal5q\pal5q_MainStory\pal5q_MainStory_16.htm
Paltoc-tc\pal5q\pal5q_MainStory\pal5q_MainStory_17.htm
Paltoc-tc\pal5q\pal5q_MainStory\pal5q_MainStory_18.htm
Paltoc-tc\pal5q\pal5q_MainStory\pal5q_MainStory_19.htm
Paltoc-tc\pal5q\pal5q_MainStory\pal5q_MainStory_20.htm
Paltoc-tc\pal5q\pal5q_MainStory\pal5q_MainStory_21.htm
Paltoc-tc\pal5q\pal5q_MainStory\pal5q_MainStory_22.htm
Paltoc-tc\pal5q\pal5q_MainStory\pal5q_MainStory_23.htm
Paltoc-tc\pal5q\pal5q_MainStory\pal5q_MainStory_DLC.htm
Paltoc-tc\pal5q\pal5q_megreslibrary.htm
Paltoc-tc\pal5q\pal5q_NPCTalk\pal5q_NPCTalk_01.htm
Paltoc-tc\pal5q\pal5q_NPCTalk\pal5q_NPCTalk_02.htm
Paltoc-tc\pal5q\pal5q_NPCTalk\pal5q_NPCTalk_03.htm
Paltoc-tc\pal5q\pal5q_NPCTalk\pal5q_NPCTalk_04.htm
Paltoc-tc\pal5q\pal5q_NPCTalk\pal5q_NPCTalk_05.htm
Paltoc-tc\pal5q\pal5q_NPCTalk\pal5q_NPCTalk_06.htm
Paltoc-tc\pal5q\pal5q_NPCTalk\pal5q_NPCTalk_07.htm
Paltoc-tc\pal5q\pal5q_NPCTalk\pal5q_NPCTalk_08.htm
Paltoc-tc\pal5q\pal5q_NPCTalk\pal5q_NPCTalk_09.htm
Paltoc-tc\pal5q\pal5q_NPCTalk\pal5q_NPCTalk_10.htm
Paltoc-tc\pal5q\pal5q_NPCTalk\pal5q_NPCTalk_11.htm
Paltoc-tc\pal5q\pal5q_NPCTalk\pal5q_NPCTalk_12.htm
Paltoc-tc\pal5q\pal5q_NPCTalk\pal5q_NPCTalk_13.htm
Paltoc-tc\pal5q\pal5q_NPCTalk\pal5q_NPCTalk_14.htm
Paltoc-tc\pal6\pal6.htm
Paltoc-tc\pal6\pal6_BranchQuest\pal6_BranchQuest.htm
Paltoc-tc\pal6\pal6_BranchQuest\pal6_BranchQuest_01.htm
Paltoc-tc\pal6\pal6_BranchQuest\pal6_BranchQuest_02.htm
Paltoc-tc\pal6\pal6_BranchQuest\pal6_BranchQuest_03.htm
Paltoc-tc\pal6\pal6_BranchQuest\pal6_BranchQuest_04.htm
Paltoc-tc\pal6\pal6_BranchQuest\pal6_BranchQuest_05.htm
Paltoc-tc\pal6\pal6_BranchQuest\pal6_BranchQuest_06.htm
Paltoc-tc\pal6\pal6_BranchQuest\pal6_BranchQuest_07.htm
Paltoc-tc\pal6\pal6_BranchQuest\pal6_BranchQuest_08.htm
Paltoc-tc\pal6\pal6_BranchQuest\pal6_BranchQuest_09.htm
Paltoc-tc\pal6\pal6_BranchQuest\pal6_BranchQuest_10.htm
Paltoc-tc\pal6\pal6_BranchQuest\pal6_BranchQuest_11.htm
Paltoc-tc\pal6\pal6_BranchQuest\pal6_BranchQuest_12.htm
Paltoc-tc\pal6\pal6_BranchQuest\pal6_BranchQuest_13.htm
Paltoc-tc\pal6\pal6_BranchQuest\pal6_BranchQuest_14.htm
Paltoc-tc\pal6\pal6_BranchQuest\pal6_BranchQuest_15.htm
Paltoc-tc\pal6\pal6_BranchQuest\pal6_BranchQuest_16.htm
Paltoc-tc\pal6\pal6_BranchQuest\pal6_BranchQuest_17.htm
Paltoc-tc\pal6\pal6_MainStory\pal6_MainStory.htm
Paltoc-tc\pal6\pal6_MainStory\pal6_MainStory_01.htm
Paltoc-tc\pal6\pal6_MainStory\pal6_MainStory_02.htm
Paltoc-tc\pal6\pal6_MainStory\pal6_MainStory_03.htm
Paltoc-tc\pal6\pal6_MainStory\pal6_MainStory_04.htm
Paltoc-tc\pal6\pal6_MainStory\pal6_MainStory_05.htm
Paltoc-tc\pal6\pal6_MainStory\pal6_MainStory_06.htm
Paltoc-tc\pal6\pal6_MainStory\pal6_MainStory_07.htm
Paltoc-tc\pal6\pal6_MainStory\pal6_MainStory_08.htm
Paltoc-tc\pal6\pal6_MainStory\pal6_MainStory_09.htm
Paltoc-tc\pal6\pal6_MainStory\pal6_MainStory_10.htm
Paltoc-tc\pal6\pal6_MainStory\pal6_MainStory_11.htm
Paltoc-tc\pal6\pal6_MainStory\pal6_MainStory_12.htm
Paltoc-tc\pal6\pal6_MainStory\pal6_MainStory_DLC01.htm
Paltoc-tc\pal6\pal6_MainStory\pal6_MainStory_DLC02.htm
Paltoc-tc\pal6\pal6_MainStory\pal6_MainStory_DLC03.htm
Paltoc-tc\pal6\pal6_MainStory\pal6_MainStory_DLC04.htm
Paltoc-tc\pal6\pal6_MainStory\pal6_MainStory_DLC05.htm
Paltoc-tc\pal6\pal6_MainStory\pal6_MainStory_DLC06.htm
Paltoc-tc\pal6\pal6_NPCTalk\pal6_NPCTalk_01.htm
Paltoc-tc\pal6\pal6_NPCTalk\pal6_NPCTalk_02.htm
Paltoc-tc\pal6\pal6_NPCTalk\pal6_NPCTalk_03.htm
Paltoc-tc\pal6\pal6_NPCTalk\pal6_NPCTalk_04.htm
Paltoc-tc\pal6\pal6_NPCTalk\pal6_NPCTalk_05.htm
Paltoc-tc\pal6\pal6_NPCTalk\pal6_NPCTalk_06.htm
Paltoc-tc\pal6\pal6_NPCTalk\pal6_NPCTalk_07.htm
Paltoc-tc\pal6\pal6_NPCTalk\pal6_NPCTalk_08.htm
Paltoc-tc\pal6\pal6_NPCTalk\pal6_NPCTalk_09.htm
Paltoc-tc\pal6\pal6_NPCTalk\pal6_NPCTalk_10.htm
Paltoc-tc\pal6\pal6_NPCTalk\pal6_NPCTalk_11.htm
Paltoc-tc\pal6\pal6_NPCTalk\pal6_NPCTalk_12.htm
Paltoc-tc\pal6\pal6_NPCTalk\pal6_NPCTalk_13.htm
Paltoc-tc\pal6\pal6_NPCTalk\pal6_NPCTalk_14.htm
Paltoc-tc\pal6\pal6_NPCTalk\pal6_NPCTalk_15.htm
Paltoc-tc\pal6\pal6_prestige.htm
Paltoc-tc\pal6\pal6_teamtalk.htm
Paltoc-tc\pal95\pal95.htm
Paltoc-tc\pal95\pal95_BranchStory\pal95_BranchStory_01.htm
Paltoc-tc\pal95\pal95_BranchStory\pal95_BranchStory_02.htm
Paltoc-tc\pal95\pal95_BranchStory\pal95_BranchStory_03.htm
Paltoc-tc\pal95\pal95_BranchStory\pal95_BranchStory_04.htm
Paltoc-tc\pal95\pal95_BranchStory\pal95_BranchStory_05.htm
Paltoc-tc\pal95\pal95_BranchStory\pal95_BranchStory_06.htm
Paltoc-tc\pal95\pal95_BranchStory\pal95_BranchStory_07.htm
Paltoc-tc\pal95\pal95_Combatdialogue.htm
Paltoc-tc\pal95\pal95_MainStory\pal95_MainStory_01.htm
Paltoc-tc\pal95\pal95_MainStory\pal95_MainStory_02.htm
Paltoc-tc\pal95\pal95_MainStory\pal95_MainStory_03.htm
Paltoc-tc\pal95\pal95_MainStory\pal95_MainStory_04.htm
Paltoc-tc\pal95\pal95_MainStory\pal95_MainStory_05.htm
Paltoc-tc\pal95\pal95_MainStory\pal95_MainStory_06.htm
Paltoc-tc\pal95\pal95_MainStory\pal95_MainStory_07.htm
Paltoc-tc\pal95\pal95_MainStory\pal95_MainStory_08.htm
Paltoc-tc\pal95\pal95_MainStory\pal95_MainStory_09.htm
Paltoc-tc\pal95\pal95_MainStory\pal95_MainStory_10.htm
Paltoc-tc\pal95\pal95_NPCTalk\pal95_NPCTalk_01.htm
Paltoc-tc\pal95\pal95_NPCTalk\pal95_NPCTalk_02.htm
Paltoc-tc\pal95\pal95_NPCTalk\pal95_NPCTalk_03.htm
Paltoc-tc\pal95\pal95_NPCTalk\pal95_NPCTalk_04.htm
Paltoc-tc\pal95\pal95_NPCTalk\pal95_NPCTalk_05.htm
Paltoc-tc\pal95\pal95_NPCTalk\pal95_NPCTalk_06.htm
Paltoc-tc\pal95\pal95_NPCTalk\pal95_NPCTalk_07.htm
Paltoc-tc\pal95\pal95_NPCTalk\pal95_NPCTalk_08.htm
Paltoc-tc\pal95\pal95_NPCTalk\pal95_NPCTalk_09.htm
Paltoc-tc\pal95\pal95_NPCTalk\pal95_NPCTalk_10.htm
Paltoc-tc\palhuanlijing\palhlj_daiyan\palhlj_BranchStory_dy\palhlj_BranchStory_dy_01.htm
Paltoc-tc\palhuanlijing\palhlj_daiyan\palhlj_BranchStory_dy\palhlj_BranchStory_dy_02.htm
Paltoc-tc\palhuanlijing\palhlj_daiyan\palhlj_BranchStory_dy\palhlj_BranchStory_dy_03.htm
Paltoc-tc\palhuanlijing\palhlj_daiyan\palhlj_BranchStory_dy\palhlj_BranchStory_dy_04.htm
Paltoc-tc\palhuanlijing\palhlj_daiyan\palhlj_BranchStory_dy\palhlj_BranchStory_dy_05.htm
Paltoc-tc\palhuanlijing\palhlj_daiyan\palhlj_BranchStory_dy\palhlj_BranchStory_dy_06.htm
Paltoc-tc\palhuanlijing\palhlj_daiyan\palhlj_BranchStory_dy\palhlj_BranchStory_dy_07.htm
Paltoc-tc\palhuanlijing\palhlj_daiyan\palhlj_BranchStory_dy\palhlj_BranchStory_dy_08.htm
Paltoc-tc\palhuanlijing\palhlj_daiyan\palhlj_BranchStory_dy\palhlj_BranchStory_dy_09.htm
Paltoc-tc\palhuanlijing\palhlj_daiyan\palhlj_BranchStory_dy\palhlj_BranchStory_dy_10.htm
Paltoc-tc\palhuanlijing\palhlj_daiyan\palhlj_BranchStory_dy\palhlj_BranchStory_dy_11.htm
Paltoc-tc\palhuanlijing\palhlj_daiyan\palhlj_MainStory_dy\palhlj_MainStory_dy_01.htm
Paltoc-tc\palhuanlijing\palhlj_daiyan\palhlj_MainStory_dy\palhlj_MainStory_dy_02.htm
Paltoc-tc\palhuanlijing\palhlj_daiyan\palhlj_MainStory_dy\palhlj_MainStory_dy_03.htm
Paltoc-tc\palhuanlijing\palhlj_daiyan\palhlj_MainStory_dy\palhlj_MainStory_dy_04.htm
Paltoc-tc\palhuanlijing\palhlj_daiyan\palhlj_MainStory_dy\palhlj_MainStory_dy_05.htm
Paltoc-tc\palhuanlijing\palhlj_daiyan\palhlj_MainStory_dy\palhlj_MainStory_dy_06.htm
Paltoc-tc\palhuanlijing\palhlj_daiyan\palhlj_MainStory_dy\palhlj_MainStory_dy_07.htm
Paltoc-tc\palhuanlijing\palhlj_daiyan\palhlj_MainStory_dy\palhlj_MainStory_dy_08.htm
Paltoc-tc\palhuanlijing\palhlj_daiyan\palhlj_MainStory_dy\palhlj_MainStory_dy_09.htm
Paltoc-tc\palhuanlijing\palhlj_daiyan\palhlj_MainStory_dy\palhlj_MainStory_dy_10.htm
Paltoc-tc\palhuanlijing\palhlj_daiyan\palhlj_MainStory_dy\palhlj_MainStory_dy_11.htm
Paltoc-tc\palhuanlijing\palhlj_daiyan\palhlj_MainStory_dy\palhlj_MainStory_dy_12.htm
Paltoc-tc\palhuanlijing\palhlj_daiyan\palhlj_MainStory_dy\palhlj_MainStory_dy_13.htm
Paltoc-tc\palhuanlijing\palhlj_qinghuai\palhlj_BranchStory_qh\palhlj_BranchStory_qh_01.htm
Paltoc-tc\palhuanlijing\palhlj_qinghuai\palhlj_BranchStory_qh\palhlj_BranchStory_qh_02.htm
Paltoc-tc\palhuanlijing\palhlj_qinghuai\palhlj_BranchStory_qh\palhlj_BranchStory_qh_03.htm
Paltoc-tc\palhuanlijing\palhlj_qinghuai\palhlj_BranchStory_qh\palhlj_BranchStory_qh_04.htm
Paltoc-tc\palhuanlijing\palhlj_qinghuai\palhlj_BranchStory_qh\palhlj_BranchStory_qh_05.htm
Paltoc-tc\palhuanlijing\palhlj_qinghuai\palhlj_BranchStory_qh\palhlj_BranchStory_qh_06.htm
Paltoc-tc\palhuanlijing\palhlj_qinghuai\palhlj_BranchStory_qh\palhlj_BranchStory_qh_07.htm
Paltoc-tc\palhuanlijing\palhlj_qinghuai\palhlj_BranchStory_qh\palhlj_BranchStory_qh_08.htm
Paltoc-tc\palhuanlijing\palhlj_qinghuai\palhlj_BranchStory_qh\palhlj_BranchStory_qh_09.htm
Paltoc-tc\palhuanlijing\palhlj_qinghuai\palhlj_BranchStory_qh\palhlj_BranchStory_qh_10.htm
Paltoc-tc\palhuanlijing\palhlj_qinghuai\palhlj_BranchStory_qh\palhlj_BranchStory_qh_11.htm
Paltoc-tc\palhuanlijing\palhlj_qinghuai\palhlj_MainStory_qh\palhlj_MainStory_qh_01.htm
Paltoc-tc\palhuanlijing\palhlj_qinghuai\palhlj_MainStory_qh\palhlj_MainStory_qh_02.htm
Paltoc-tc\palhuanlijing\palhlj_qinghuai\palhlj_MainStory_qh\palhlj_MainStory_qh_03.htm
Paltoc-tc\palhuanlijing\palhlj_qinghuai\palhlj_MainStory_qh\palhlj_MainStory_qh_04.htm
Paltoc-tc\palhuanlijing\palhlj_qinghuai\palhlj_MainStory_qh\palhlj_MainStory_qh_05.htm
Paltoc-tc\palhuanlijing\palhlj_qinghuai\palhlj_MainStory_qh\palhlj_MainStory_qh_06.htm
Paltoc-tc\palhuanlijing\palhlj_qinghuai\palhlj_MainStory_qh\palhlj_MainStory_qh_07.htm
Paltoc-tc\palhuanlijing\palhlj_qinghuai\palhlj_MainStory_qh\palhlj_MainStory_qh_08.htm
Paltoc-tc\palhuanlijing\palhlj_qinghuai\palhlj_MainStory_qh\palhlj_MainStory_qh_09.htm
Paltoc-tc\palhuanlijing\palhlj_qinghuai\palhlj_MainStory_qh\palhlj_MainStory_qh_10.htm
Paltoc-tc\palhuanlijing\palhlj_qinghuai\palhlj_MainStory_qh\palhlj_MainStory_qh_11.htm
Paltoc-tc\palhuanlijing\palhlj_qinghuai\palhlj_MainStory_qh\palhlj_MainStory_qh_12.htm
Paltoc-tc\palhuanlijing\palhlj_qinghuai\palhlj_MainStory_qh\palhlj_MainStory_qh_13.htm
Paltoc-tc\palhuanlijing\palhlj_tanshuang\palhlj_BranchStory_ts\palhlj_BranchStory_ts_01.htm
Paltoc-tc\palhuanlijing\palhlj_tanshuang\palhlj_BranchStory_ts\palhlj_BranchStory_ts_02.htm
Paltoc-tc\palhuanlijing\palhlj_tanshuang\palhlj_BranchStory_ts\palhlj_BranchStory_ts_03.htm
Paltoc-tc\palhuanlijing\palhlj_tanshuang\palhlj_BranchStory_ts\palhlj_BranchStory_ts_04.htm
Paltoc-tc\palhuanlijing\palhlj_tanshuang\palhlj_BranchStory_ts\palhlj_BranchStory_ts_05.htm
Paltoc-tc\palhuanlijing\palhlj_tanshuang\palhlj_BranchStory_ts\palhlj_BranchStory_ts_06.htm
Paltoc-tc\palhuanlijing\palhlj_tanshuang\palhlj_BranchStory_ts\palhlj_BranchStory_ts_07.htm
Paltoc-tc\palhuanlijing\palhlj_tanshuang\palhlj_BranchStory_ts\palhlj_BranchStory_ts_08.htm
Paltoc-tc\palhuanlijing\palhlj_tanshuang\palhlj_BranchStory_ts\palhlj_BranchStory_ts_09.htm
Paltoc-tc\palhuanlijing\palhlj_tanshuang\palhlj_BranchStory_ts\palhlj_BranchStory_ts_10.htm
Paltoc-tc\palhuanlijing\palhlj_tanshuang\palhlj_BranchStory_ts\palhlj_BranchStory_ts_11.htm
Paltoc-tc\palhuanlijing\palhlj_tanshuang\palhlj_MainStory_ts\palhlj_MainStory_ts_01.htm
Paltoc-tc\palhuanlijing\palhlj_tanshuang\palhlj_MainStory_ts\palhlj_MainStory_ts_02.htm
Paltoc-tc\palhuanlijing\palhlj_tanshuang\palhlj_MainStory_ts\palhlj_MainStory_ts_03.htm
Paltoc-tc\palhuanlijing\palhlj_tanshuang\palhlj_MainStory_ts\palhlj_MainStory_ts_04.htm
Paltoc-tc\palhuanlijing\palhlj_tanshuang\palhlj_MainStory_ts\palhlj_MainStory_ts_05.htm
Paltoc-tc\palhuanlijing\palhlj_tanshuang\palhlj_MainStory_ts\palhlj_MainStory_ts_06.htm
Paltoc-tc\palhuanlijing\palhlj_tanshuang\palhlj_MainStory_ts\palhlj_MainStory_ts_07.htm
Paltoc-tc\palhuanlijing\palhlj_tanshuang\palhlj_MainStory_ts\palhlj_MainStory_ts_08.htm
Paltoc-tc\palhuanlijing\palhlj_tanshuang\palhlj_MainStory_ts\palhlj_MainStory_ts_09.htm
Paltoc-tc\palhuanlijing\palhlj_tanshuang\palhlj_MainStory_ts\palhlj_MainStory_ts_10.htm
Paltoc-tc\palhuanlijing\palhlj_tanshuang\palhlj_MainStory_ts\palhlj_MainStory_ts_11.htm
Paltoc-tc\palhuanlijing\palhlj_tanshuang\palhlj_MainStory_ts\palhlj_MainStory_ts_12.htm
Paltoc-tc\palhuanlijing\palhlj_tanshuang\palhlj_MainStory_ts\palhlj_MainStory_ts_13.htm
Paltoc-tc\palhuanlijing\palhuanlijing.htm
Paltoc-tc\palinnsns\palinnsns.htm
Paltoc-tc\palinnsns\palinnsns_BranchQuest\palinnsns_BranchQuest_01.htm
Paltoc-tc\palinnsns\palinnsns_BranchQuest\palinnsns_BranchQuest_02.htm
Paltoc-tc\palinnsns\palinnsns_BranchQuest\palinnsns_BranchQuest_03.htm
Paltoc-tc\palinnsns\palinnsns_BranchQuest\palinnsns_BranchQuest_04.htm
Paltoc-tc\palinnsns\palinnsns_BranchQuest\palinnsns_BranchQuest_05.htm
Paltoc-tc\palinnsns\palinnsns_BranchQuest\palinnsns_BranchQuest_06.htm
Paltoc-tc\palinnsns\palinnsns_MainStory\palinnsns_MainStory_01.htm
Paltoc-tc\palinnsns\palinnsns_MainStory\palinnsns_MainStory_02.htm
Paltoc-tc\palinnsns\palinnsns_MainStory\palinnsns_MainStory_03.htm
Paltoc-tc\palinnsns\palinnsns_MainStory\palinnsns_MainStory_04.htm
Paltoc-tc\palinnsns\palinnsns_MainStory\palinnsns_MainStory_05.htm
Paltoc-tc\palinnsns\palinnsns_MainStory\palinnsns_MainStory_06.htm
Paltoc-tc\palinnsns\palinnsns_MainStory\palinnsns_MainStory_07.htm
Paltoc-tc\palinnsns\palinnsns_MainStory\palinnsns_MainStory_08.htm
Paltoc-tc\palinnsns\palinnsns_MainStory\palinnsns_MainStory_09.htm
Paltoc-tc\palinnsns\palinnsns_MainStory\palinnsns_MainStory_10.htm
Paltoc-tc\palinnsns\palinnsns_MainStory\palinnsns_MainStory_11.htm
Paltoc-tc\palinnsns\palinnsns_MainStory\palinnsns_MainStory_12.htm
Paltoc-tc\palinnsns\palinnsns_MainStory\palinnsns_MainStory_13.htm
Paltoc-tc\palinnsns\palinnsns_MainStory\palinnsns_MainStory_14.htm
Paltoc-tc\palinnsns\palinnsns_MainStory\palinnsns_MainStory_15.htm
Paltoc-tc\palol\palol.htm
Paltoc-tc\palol\palol_MainStory_01.htm
Paltoc-tc\palol\palol_MainStory_02.htm
Paltoc-tc\palol\palol_MainStory_03.htm
Paltoc-tc\palol\palol_MainStory_04.htm
Paltoc-tc\palol\palol_MainStory_05.htm
Paltoc-tc\palol\palol_MainStory_06.htm
Paltoc-tc\js\bootstrap.min.js
Paltoc-tc\js\jquery-3.3.1.min.js
Paltoc-tc\js\jquery-3.3.1.slim.min.js
Paltoc-tc\js\popper.min.js
template\Azure_Blue\usersettings.js
index.glo
Paltoc-tc\default.css
Paltoc-tc\bootstrap-min.css
default.css
template\Azure_Blue\layout-rtl.css
template\Azure_Blue\layout.css
template\Azure_Blue\back_mobile_ltr.png
template\Azure_Blue\previous_tab.png
template\Azure_Blue\back_mobile_rtl.png
template\Azure_Blue\filter_mobile.png
template\Azure_Blue\social_close_rtl.png
template\Azure_Blue\previous_active.png
template\Azure_Blue\previous.png
template\Azure_Blue\toc_book_open_desktop.png
template\Azure_Blue\search_desktop.png
template\Azure_Blue\toc_link_mobile_ltr.png
template\Azure_Blue\next.png
template\Azure_Blue\search_tab.png
template\Azure_Blue\previous_tab_active.png
template\Azure_Blue\andsearch_nomark.png
template\Azure_Blue\loading.gif
template\Azure_Blue\toc_link_mobile_rtl.png
template\Azure_Blue\next_mobile.png
template\Azure_Blue\filter_mobile_applied.png
template\Azure_Blue\menu.png
template\Azure_Blue\filter_clearall.png
template\Azure_Blue\toc_topic_mobile.png
template\Azure_Blue\print_desktop.png
template\Azure_Blue\index_desktop.png
template\Azure_Blue\toc_mobile.png
template\Azure_Blue\social_open.png
template\Azure_Blue\filter_mark.png
template\Azure_Blue\top.png
template\Azure_Blue\search_desktop_navigation.png
template\Azure_Blue\toc_book_open_drildown.png
template\Azure_Blue\toc_topic_desktop.png
template\Azure_Blue\toc_book_closed_desktop.png
template\Azure_Blue\filter_desktop.png
template\Azure_Blue\glossary_tab.png
template\Azure_Blue\next_tab_active.png
template\Azure_Blue\search_mobile.png
template\Azure_Blue\slider_ltr.png
template\Azure_Blue\slider_rtl.png
template\Azure_Blue\filter_tab.png
template\Azure_Blue\glossary_mobile.png
template\Azure_Blue\previous_mobile.png
template\Azure_Blue\filter_mark_radio.png
template\Azure_Blue\andsearch_mark.png
template\Azure_Blue\toc_link_desktop_ltr.png
template\Azure_Blue\search_mobile_active.png
template\Azure_Blue\back_mobile_filter.png
template\Azure_Blue\logo.png
template\Azure_Blue\toc_link_desktop_rtl.png
template\Azure_Blue\next_active.png
template\Azure_Blue\search_desktop_active.png
template\Azure_Blue\filter_nomark.png
template\Azure_Blue\social_close_ltr.png
template\Azure_Blue\index_tab.png
template\Azure_Blue\next_tab.png
template\Azure_Blue\previous_mobile_active.png
template\Azure_Blue\toc_book_open_mobile.png
template\Azure_Blue\toc_book_closed_mobile.png
template\Azure_Blue\slider_open_ltr.png
template\Azure_Blue\slider_open_rtl.png
template\Azure_Blue\filter_tab_applied.png
template\Azure_Blue\idx_topic.png
template\Azure_Blue\filter_desktop_applied.png
template\Azure_Blue\glossary_desktop.png
template\Azure_Blue\next_mobile_active.png
template\Azure_Blue\toc_desktop.png
template\Azure_Blue\toc_tab.png
template\Azure_Blue\index_mobile.png
template\Azure_Blue\search_mobile_navigation.png
template\Azure_Blue\filter_nomark_radio.png
index.ppf
ehlpdhtm.js
RoboHHRE.lng
SearchOptions.xml
whxdata\toc2.js
whxdata\toc2.new.js
whxdata\toc3.js
whxdata\toc3.new.js
whxdata\toc4.js
whxdata\toc4.new.js
whxdata\toc1.js
whxdata\toc1.new.js
whxdata\toc6.js
whxdata\toc6.new.js
whxdata\toc7.js
whxdata\toc7.new.js
whxdata\toc8.js
whxdata\toc8.new.js
whxdata\toc5.js
whxdata\toc5.new.js
whxdata\toc10.js
whxdata\toc10.new.js
whxdata\toc11.js
whxdata\toc11.new.js
whxdata\toc12.js
whxdata\toc12.new.js
whxdata\toc9.js
whxdata\toc9.new.js
whxdata\toc14.js
whxdata\toc14.new.js
whxdata\toc15.js
whxdata\toc15.new.js
whxdata\toc17.js
whxdata\toc17.new.js
whxdata\toc16.js
whxdata\toc16.new.js
whxdata\toc18.js
whxdata\toc18.new.js
whxdata\toc13.js
whxdata\toc13.new.js
whxdata\toc20.js
whxdata\toc20.new.js
whxdata\toc21.js
whxdata\toc21.new.js
whxdata\toc23.js
whxdata\toc23.new.js
whxdata\toc24.js
whxdata\toc24.new.js
whxdata\toc22.js
whxdata\toc22.new.js
whxdata\toc25.js
whxdata\toc25.new.js
whxdata\toc19.js
whxdata\toc19.new.js
whxdata\toc28.js
whxdata\toc28.new.js
whxdata\toc29.js
whxdata\toc29.new.js
whxdata\toc30.js
whxdata\toc30.new.js
whxdata\toc31.js
whxdata\toc31.new.js
whxdata\toc27.js
whxdata\toc27.new.js
whxdata\toc32.js
whxdata\toc32.new.js
whxdata\toc33.js
whxdata\toc33.new.js
whxdata\toc34.js
whxdata\toc34.new.js
whxdata\toc26.js
whxdata\toc26.new.js
whxdata\toc36.js
whxdata\toc36.new.js
whxdata\toc37.js
whxdata\toc37.new.js
whxdata\toc38.js
whxdata\toc38.new.js
whxdata\toc35.js
whxdata\toc35.new.js
whxdata\toc40.js
whxdata\toc40.new.js
whxdata\toc41.js
whxdata\toc41.new.js
whxdata\toc42.js
whxdata\toc42.new.js
whxdata\toc43.js
whxdata\toc43.new.js
whxdata\toc39.js
whxdata\toc39.new.js
whxdata\toc45.js
whxdata\toc45.new.js
whxdata\toc46.js
whxdata\toc46.new.js
whxdata\toc47.js
whxdata\toc47.new.js
whxdata\toc44.js
whxdata\toc44.new.js
whxdata\toc49.js
whxdata\toc49.new.js
whxdata\toc48.js
whxdata\toc48.new.js
whxdata\toc51.js
whxdata\toc51.new.js
whxdata\toc52.js
whxdata\toc52.new.js
whxdata\toc50.js
whxdata\toc50.new.js
whxdata\toc55.js
whxdata\toc55.new.js
whxdata\toc56.js
whxdata\toc56.new.js
whxdata\toc54.js
whxdata\toc54.new.js
whxdata\toc58.js
whxdata\toc58.new.js
whxdata\toc59.js
whxdata\toc59.new.js
whxdata\toc57.js
whxdata\toc57.new.js
whxdata\toc61.js
whxdata\toc61.new.js
whxdata\toc62.js
whxdata\toc62.new.js
whxdata\toc60.js
whxdata\toc60.new.js
whxdata\toc53.js
whxdata\toc53.new.js
whxdata\toc.js
whxdata\toc.new.js
whxdata\idata1.js
whxdata\idata1.new.js
whxdata\idata2.js
whxdata\idata2.new.js
whxdata\idata3.js
whxdata\idata3.new.js
whxdata\idx.js
whxdata\idx.new.js
whxdata\glo.js
whxdata\glo.new.js
whxdata\package_0_xml.js
whxdata\package_1_xml.js
whxdata\package_2_xml.js
whxdata\package_3_xml.js
whxdata\package_4_xml.js
whxdata\package_5_xml.js
whxdata\package_6_xml.js
whxdata\package_7_xml.js
whxdata\package_8_xml.js
whxdata\package_9_xml.js
whxdata\package_10_xml.js
whxdata\package_11_xml.js
whxdata\package_12_xml.js
whxdata\package_13_xml.js
whxdata\package_14_xml.js
whxdata\package_15_xml.js
whxdata\package_16_xml.js
whxdata\package_17_xml.js
whxdata\package_18_xml.js
whxdata\package_19_xml.js
whxdata\package_20_xml.js
whxdata\package_21_xml.js
whxdata\package_22_xml.js
whxdata\package_23_xml.js
whxdata\package_24_xml.js
whxdata\package_25_xml.js
whxdata\package_26_xml.js
whxdata\package_27_xml.js
whxdata\package_28_xml.js
whxdata\package_29_xml.js
whxdata\package_30_xml.js
whxdata\package_31_xml.js
whxdata\package_32_xml.js
whxdata\package_33_xml.js
whxdata\package_34_xml.js
whxdata\package_35_xml.js
whxdata\package_36_xml.js
whxdata\package_37_xml.js
whxdata\package_38_xml.js
whxdata\package_39_xml.js
whxdata\package_40_xml.js
whxdata\package_41_xml.js
whxdata\package_42_xml.js
whxdata\package_43_xml.js
whxdata\package_44_xml.js
whxdata\package_45_xml.js
whxdata\package_46_xml.js
whxdata\package_47_xml.js
whxdata\package_48_xml.js
whxdata\package_49_xml.js
whxdata\package_50_xml.js
whxdata\package_51_xml.js
whxdata\package_52_xml.js
whxdata\package_53_xml.js
whxdata\package_54_xml.js
whxdata\package_55_xml.js
whxdata\package_56_xml.js
whxdata\package_57_xml.js
whxdata\package_58_xml.js
whxdata\package_59_xml.js
whxdata\package_60_xml.js
whxdata\package_61_xml.js
whxdata\package_62_xml.js
whxdata\package_63_xml.js
whxdata\package_64_xml.js
whxdata\package_65_xml.js
whxdata\package_66_xml.js
whxdata\package_67_xml.js
whxdata\package_68_xml.js
whxdata\package_69_xml.js
whxdata\package_70_xml.js
whxdata\package_71_xml.js
whxdata\package_72_xml.js
whxdata\package_73_xml.js
whxdata\package_74_xml.js
whxdata\package_75_xml.js
whxdata\package_76_xml.js
whxdata\package_77_xml.js
whxdata\package_78_xml.js
whxdata\package_79_xml.js
whxdata\package_80_xml.js
whxdata\package_81_xml.js
whxdata\package_82_xml.js
whxdata\package_83_xml.js
whxdata\package_84_xml.js
whxdata\package_85_xml.js
whxdata\package_86_xml.js
whxdata\package_87_xml.js
whxdata\package_88_xml.js
whxdata\package_89_xml.js
whxdata\package_90_xml.js
whxdata\package_91_xml.js
whxdata\package_92_xml.js
whxdata\package_93_xml.js
whxdata\package_94_xml.js
whxdata\package_95_xml.js
whxdata\package_96_xml.js
whxdata\package_97_xml.js
whxdata\package_98_xml.js
whxdata\package_99_xml.js
whxdata\package_100_xml.js
whxdata\package_101_xml.js
whxdata\package_102_xml.js
whxdata\package_103_xml.js
whxdata\package_104_xml.js
whxdata\package_105_xml.js
whxdata\package_106_xml.js
whxdata\package_107_xml.js
whxdata\package_108_xml.js
whxdata\package_109_xml.js
whxdata\package_110_xml.js
whxdata\package_111_xml.js
whxdata\package_112_xml.js
whxdata\package_113_xml.js
whxdata\package_114_xml.js
whxdata\package_115_xml.js
whxdata\package_116_xml.js
whxdata\package_117_xml.js
whxdata\package_118_xml.js
whxdata\package_119_xml.js
whxdata\package_120_xml.js
whxdata\package_121_xml.js
whxdata\package_122_xml.js
whxdata\package_123_xml.js
whxdata\package_124_xml.js
whxdata\package_125_xml.js
whxdata\package_126_xml.js
whxdata\package_127_xml.js
whxdata\package_128_xml.js
whxdata\package_129_xml.js
whxdata\package_130_xml.js
whxdata\package_131_xml.js
whxdata\package_132_xml.js
whxdata\package_133_xml.js
whxdata\package_134_xml.js
whxdata\package_135_xml.js
whxdata\package_136_xml.js
whxdata\package_137_xml.js
whxdata\package_138_xml.js
whxdata\package_139_xml.js
whxdata\package_140_xml.js
whxdata\package_141_xml.js
whxdata\package_142_xml.js
whxdata\package_143_xml.js
whxdata\package_144_xml.js
whxdata\package_145_xml.js
whxdata\package_146_xml.js
whxdata\package_147_xml.js
whxdata\package_148_xml.js
whxdata\package_149_xml.js
whxdata\package_150_xml.js
whxdata\package_151_xml.js
whxdata\package_152_xml.js
whxdata\package_153_xml.js
whxdata\package_154_xml.js
whxdata\package_155_xml.js
whxdata\package_156_xml.js
whxdata\package_157_xml.js
whxdata\package_158_xml.js
whxdata\package_159_xml.js
whxdata\package_160_xml.js
whxdata\package_161_xml.js
whxdata\package_162_xml.js
whxdata\package_163_xml.js
whxdata\package_164_xml.js
whxdata\package_165_xml.js
whxdata\package_166_xml.js
whxdata\package_167_xml.js
whxdata\package_168_xml.js
whxdata\package_169_xml.js
whxdata\package_170_xml.js
whxdata\package_171_xml.js
whxdata\package_172_xml.js
whxdata\package_173_xml.js
whxdata\package_174_xml.js
whxdata\package_175_xml.js
whxdata\package_176_xml.js
whxdata\package_177_xml.js
whxdata\package_178_xml.js
whxdata\package_179_xml.js
whxdata\package_180_xml.js
whxdata\package_181_xml.js
whxdata\package_182_xml.js
whxdata\package_183_xml.js
whxdata\package_184_xml.js
whxdata\package_185_xml.js
whxdata\package_186_xml.js
whxdata\package_187_xml.js
whxdata\package_188_xml.js
whxdata\package_189_xml.js
whxdata\package_190_xml.js
whxdata\package_191_xml.js
whxdata\package_192_xml.js
whxdata\package_193_xml.js
whxdata\package_194_xml.js
whxdata\package_195_xml.js
whxdata\package_196_xml.js
whxdata\package_197_xml.js
whxdata\package_198_xml.js
whxdata\package_199_xml.js
whxdata\package_200_xml.js
whxdata\package_201_xml.js
whxdata\package_202_xml.js
whxdata\package_203_xml.js
whxdata\package_204_xml.js
whxdata\package_205_xml.js
whxdata\package_206_xml.js
whxdata\package_207_xml.js
whxdata\package_208_xml.js
whxdata\package_209_xml.js
whxdata\package_210_xml.js
whxdata\package_211_xml.js
whxdata\package_212_xml.js
whxdata\package_213_xml.js
whxdata\package_214_xml.js
whxdata\package_215_xml.js
whxdata\package_216_xml.js
whxdata\package_217_xml.js
whxdata\package_218_xml.js
whxdata\package_219_xml.js
whxdata\package_220_xml.js
whxdata\package_221_xml.js
whxdata\package_222_xml.js
whxdata\package_223_xml.js
whxdata\package_224_xml.js
whxdata\package_225_xml.js
whxdata\package_226_xml.js
whxdata\package_227_xml.js
whxdata\package_228_xml.js
whxdata\package_229_xml.js
whxdata\package_230_xml.js
whxdata\package_231_xml.js
whxdata\package_232_xml.js
whxdata\package_233_xml.js
whxdata\package_234_xml.js
whxdata\package_235_xml.js
whxdata\package_236_xml.js
whxdata\package_237_xml.js
whxdata\package_238_xml.js
whxdata\package_239_xml.js
whxdata\package_240_xml.js
whxdata\package_241_xml.js
whxdata\package_242_xml.js
whxdata\package_243_xml.js
whxdata\package_244_xml.js
whxdata\package_245_xml.js
whxdata\package_246_xml.js
whxdata\package_247_xml.js
whxdata\package_248_xml.js
whxdata\package_249_xml.js
whxdata\package_250_xml.js
whxdata\package_251_xml.js
whxdata\package_252_xml.js
whxdata\package_253_xml.js
whxdata\package_254_xml.js
whxdata\package_255_xml.js
whxdata\package_256_xml.js
whxdata\package_257_xml.js
whxdata\package_258_xml.js
whxdata\package_259_xml.js
whxdata\package_260_xml.js
whxdata\package_261_xml.js
whxdata\package_262_xml.js
whxdata\package_263_xml.js
whxdata\package_264_xml.js
whxdata\package_265_xml.js
whxdata\package_266_xml.js
whxdata\package_267_xml.js
whxdata\package_268_xml.js
whxdata\package_269_xml.js
whxdata\package_270_xml.js
whxdata\package_271_xml.js
whxdata\package_272_xml.js
whxdata\package_273_xml.js
whxdata\package_274_xml.js
whxdata\package_275_xml.js
whxdata\package_276_xml.js
whxdata\package_277_xml.js
whxdata\package_278_xml.js
whxdata\package_279_xml.js
whxdata\package_280_xml.js
whxdata\package_281_xml.js
whxdata\package_282_xml.js
whxdata\package_283_xml.js
whxdata\package_284_xml.js
whxdata\package_285_xml.js
whxdata\package_286_xml.js
whxdata\package_287_xml.js
whxdata\package_288_xml.js
whxdata\package_289_xml.js
whxdata\package_290_xml.js
whxdata\package_291_xml.js
whxdata\package_292_xml.js
whxdata\package_293_xml.js
whxdata\package_294_xml.js
whxdata\package_295_xml.js
whxdata\package_296_xml.js
whxdata\package_297_xml.js
whxdata\package_298_xml.js
whxdata\package_299_xml.js
whxdata\package_300_xml.js
whxdata\package_301_xml.js
whxdata\package_302_xml.js
whxdata\package_303_xml.js
whxdata\package_304_xml.js
whxdata\package_305_xml.js
whxdata\package_306_xml.js
whxdata\package_307_xml.js
whxdata\package_308_xml.js
whxdata\package_309_xml.js
whxdata\package_310_xml.js
whxdata\package_311_xml.js
whxdata\package_312_xml.js
whxdata\package_313_xml.js
whxdata\package_314_xml.js
whxdata\package_315_xml.js
whxdata\package_316_xml.js
whxdata\package_317_xml.js
whxdata\package_318_xml.js
whxdata\package_319_xml.js
whxdata\package_320_xml.js
whxdata\package_321_xml.js
whxdata\package_322_xml.js
whxdata\package_323_xml.js
whxdata\package_324_xml.js
whxdata\package_325_xml.js
whxdata\package_326_xml.js
whxdata\package_327_xml.js
whxdata\package_328_xml.js
whxdata\package_329_xml.js
whxdata\package_330_xml.js
whxdata\package_331_xml.js
whxdata\package_332_xml.js
whxdata\package_333_xml.js
whxdata\package_334_xml.js
whxdata\package_335_xml.js
whxdata\package_336_xml.js
whxdata\package_337_xml.js
whxdata\package_338_xml.js
whxdata\package_339_xml.js
whxdata\package_340_xml.js
whxdata\package_341_xml.js
whxdata\package_342_xml.js
whxdata\package_343_xml.js
whxdata\package_344_xml.js
whxdata\package_345_xml.js
whxdata\package_346_xml.js
whxdata\package_347_xml.js
whxdata\package_348_xml.js
whxdata\package_349_xml.js
whxdata\package_350_xml.js
whxdata\package_351_xml.js
whxdata\package_352_xml.js
whxdata\package_353_xml.js
whxdata\package_354_xml.js
whxdata\package_355_xml.js
whxdata\package_356_xml.js
whxdata\package_357_xml.js
whxdata\package_358_xml.js
whxdata\package_359_xml.js
whxdata\package_360_xml.js
whxdata\package_361_xml.js
whxdata\package_362_xml.js
whxdata\package_363_xml.js
whxdata\package_364_xml.js
whxdata\package_365_xml.js
whxdata\package_366_xml.js
whxdata\package_367_xml.js
whxdata\package_368_xml.js
whxdata\package_369_xml.js
whxdata\package_370_xml.js
whxdata\package_371_xml.js
whxdata\package_372_xml.js
whxdata\package_373_xml.js
whxdata\package_374_xml.js
whxdata\package_375_xml.js
whxdata\package_376_xml.js
whxdata\package_377_xml.js
whxdata\package_378_xml.js
whxdata\package_379_xml.js
whxdata\package_380_xml.js
whxdata\package_381_xml.js
whxdata\package_382_xml.js
whxdata\package_383_xml.js
whxdata\package_384_xml.js
whxdata\package_385_xml.js
whxdata\package_386_xml.js
whxdata\package_387_xml.js
whxdata\package_388_xml.js
whxdata\package_389_xml.js
whxdata\package_390_xml.js
whxdata\package_391_xml.js
whxdata\package_392_xml.js
whxdata\package_393_xml.js
whxdata\package_394_xml.js
whxdata\package_395_xml.js
whxdata\package_396_xml.js
whxdata\package_397_xml.js
whxdata\package_398_xml.js
whxdata\package_399_xml.js
whxdata\package_400_xml.js
whxdata\package_401_xml.js
whxdata\package_402_xml.js
whxdata\package_403_xml.js
whxdata\package_404_xml.js
whxdata\package_405_xml.js
whxdata\package_406_xml.js
whxdata\package_407_xml.js
whxdata\package_408_xml.js
whxdata\package_409_xml.js
whxdata\package_410_xml.js
whxdata\package_411_xml.js
whxdata\package_412_xml.js
whxdata\package_413_xml.js
whxdata\package_414_xml.js
whxdata\package_415_xml.js
whxdata\package_416_xml.js
whxdata\package_417_xml.js
whxdata\package_418_xml.js
whxdata\package_419_xml.js
whxdata\package_420_xml.js
whxdata\package_421_xml.js
whxdata\package_422_xml.js
whxdata\package_423_xml.js
whxdata\package_424_xml.js
whxdata\package_425_xml.js
whxdata\package_426_xml.js
whxdata\package_427_xml.js
whxdata\package_428_xml.js
whxdata\package_429_xml.js
whxdata\package_430_xml.js
whxdata\package_431_xml.js
whxdata\package_432_xml.js
whxdata\package_433_xml.js
whxdata\package_434_xml.js
whxdata\package_435_xml.js
whxdata\package_436_xml.js
whxdata\package_437_xml.js
whxdata\package_438_xml.js
whxdata\package_439_xml.js
whxdata\package_440_xml.js
whxdata\package_441_xml.js
whxdata\package_442_xml.js
whxdata\package_443_xml.js
whxdata\package_444_xml.js
whxdata\package_445_xml.js
whxdata\package_446_xml.js
whxdata\package_447_xml.js
whxdata\package_448_xml.js
whxdata\package_449_xml.js
whxdata\package_450_xml.js
whxdata\package_451_xml.js
whxdata\package_452_xml.js
whxdata\package_453_xml.js
whxdata\package_454_xml.js
whxdata\package_455_xml.js
whxdata\package_456_xml.js
whxdata\package_457_xml.js
whxdata\package_458_xml.js
whxdata\package_459_xml.js
whxdata\package_460_xml.js
whxdata\package_461_xml.js
whxdata\package_462_xml.js
whxdata\package_463_xml.js
whxdata\package_464_xml.js
whxdata\package_465_xml.js
whxdata\package_466_xml.js
whxdata\package_467_xml.js
whxdata\package_468_xml.js
whxdata\package_469_xml.js
whxdata\package_470_xml.js
whxdata\package_471_xml.js
whxdata\package_472_xml.js
whxdata\package_473_xml.js
whxdata\package_474_xml.js
whxdata\package_475_xml.js
whxdata\package_476_xml.js
whxdata\package_477_xml.js
whxdata\package_478_xml.js
whxdata\package_479_xml.js
whxdata\package_480_xml.js
whxdata\package_481_xml.js
whxdata\package_482_xml.js
whxdata\package_483_xml.js
whxdata\package_484_xml.js
whxdata\package_485_xml.js
whxdata\package_486_xml.js
whxdata\package_487_xml.js
whxdata\package_488_xml.js
whxdata\package_489_xml.js
whxdata\package_490_xml.js
whxdata\package_491_xml.js
whxdata\package_492_xml.js
whxdata\package_493_xml.js
whxdata\package_494_xml.js
whxdata\package_495_xml.js
whxdata\package_496_xml.js
whxdata\package_497_xml.js
whxdata\package_498_xml.js
whxdata\package_499_xml.js
whxdata\package_500_xml.js
whxdata\package_501_xml.js
whxdata\package_502_xml.js
whxdata\package_503_xml.js
whxdata\package_504_xml.js
whxdata\package_505_xml.js
whxdata\package_506_xml.js
whxdata\package_507_xml.js
whxdata\package_508_xml.js
whxdata\package_509_xml.js
whxdata\package_510_xml.js
whxdata\package_511_xml.js
whxdata\package_512_xml.js
whxdata\package_513_xml.js
whxdata\package_514_xml.js
whxdata\package_515_xml.js
whxdata\package_516_xml.js
whxdata\package_517_xml.js
whxdata\package_518_xml.js
whxdata\package_519_xml.js
whxdata\package_520_xml.js
whxdata\package_521_xml.js
whxdata\package_522_xml.js
whxdata\package_523_xml.js
whxdata\package_524_xml.js
whxdata\package_525_xml.js
whxdata\package_526_xml.js
whxdata\package_527_xml.js
whxdata\package_528_xml.js
whxdata\package_529_xml.js
whxdata\package_530_xml.js
whxdata\package_531_xml.js
whxdata\package_532_xml.js
whxdata\package_533_xml.js
whxdata\package_534_xml.js
whxdata\package_535_xml.js
whxdata\package_536_xml.js
whxdata\package_537_xml.js
whxdata\package_538_xml.js
whxdata\package_539_xml.js
whxdata\package_540_xml.js
whxdata\package_541_xml.js
whxdata\package_542_xml.js
whxdata\package_543_xml.js
whxdata\package_544_xml.js
whxdata\package_545_xml.js
whxdata\package_546_xml.js
whxdata\package_547_xml.js
whxdata\package_548_xml.js
whxdata\package_549_xml.js
whxdata\package_550_xml.js
whxdata\package_551_xml.js
whxdata\package_552_xml.js
whxdata\package_553_xml.js
whxdata\package_554_xml.js
whxdata\package_555_xml.js
whxdata\package_556_xml.js
whxdata\package_557_xml.js
whxdata\package_558_xml.js
whxdata\package_559_xml.js
whxdata\package_560_xml.js
whxdata\package_561_xml.js
whxdata\package_562_xml.js
whxdata\package_563_xml.js
whxdata\package_564_xml.js
whxdata\package_565_xml.js
whxdata\package_566_xml.js
whxdata\package_567_xml.js
whxdata\package_568_xml.js
whxdata\package_569_xml.js
whxdata\package_570_xml.js
whxdata\package_571_xml.js
whxdata\package_572_xml.js
whxdata\package_573_xml.js
whxdata\package_574_xml.js
whxdata\package_575_xml.js
whxdata\package_576_xml.js
whxdata\package_577_xml.js
whxdata\package_578_xml.js
whxdata\package_579_xml.js
whxdata\package_580_xml.js
whxdata\package_581_xml.js
whxdata\package_582_xml.js
whxdata\package_583_xml.js
whxdata\package_584_xml.js
whxdata\package_585_xml.js
whxdata\package_586_xml.js
whxdata\package_587_xml.js
whxdata\package_588_xml.js
whxdata\package_589_xml.js
whxdata\package_590_xml.js
whxdata\package_591_xml.js
whxdata\package_592_xml.js
whxdata\package_593_xml.js
whxdata\package_594_xml.js
whxdata\package_595_xml.js
whxdata\package_596_xml.js
whxdata\package_597_xml.js
whxdata\package_598_xml.js
whxdata\package_599_xml.js
whxdata\package_600_xml.js
whxdata\package_601_xml.js
whxdata\package_602_xml.js
whxdata\package_603_xml.js
whxdata\package_604_xml.js
whxdata\package_605_xml.js
whxdata\package_606_xml.js
whxdata\package_607_xml.js
whxdata\package_608_xml.js
whxdata\package_609_xml.js
whxdata\package_610_xml.js
whxdata\package_611_xml.js
whxdata\package_612_xml.js
whxdata\package_613_xml.js
whxdata\package_614_xml.js
whxdata\package_615_xml.js
whxdata\package_616_xml.js
whxdata\package_617_xml.js
whxdata\package_618_xml.js
whxdata\package_619_xml.js
whxdata\package_620_xml.js
whxdata\package_621_xml.js
whxdata\package_622_xml.js
whxdata\package_623_xml.js
whxdata\package_624_xml.js
whxdata\package_625_xml.js
whxdata\package_626_xml.js
whxdata\package_627_xml.js
whxdata\package_628_xml.js
whxdata\package_629_xml.js
whxdata\package_630_xml.js
whxdata\package_631_xml.js
whxdata\package_632_xml.js
whxdata\package_633_xml.js
whxdata\package_634_xml.js
whxdata\package_635_xml.js
whxdata\package_636_xml.js
whxdata\package_637_xml.js
whxdata\package_638_xml.js
whxdata\package_639_xml.js
whxdata\package_640_xml.js
whxdata\package_641_xml.js
whxdata\package_642_xml.js
whxdata\package_643_xml.js
whxdata\package_644_xml.js
whxdata\package_645_xml.js
whxdata\package_646_xml.js
whxdata\package_647_xml.js
whxdata\package_648_xml.js
whxdata\package_649_xml.js
whxdata\package_650_xml.js
whxdata\package_651_xml.js
whxdata\package_652_xml.js
whxdata\package_653_xml.js
whxdata\package_654_xml.js
whxdata\package_655_xml.js
whxdata\package_656_xml.js
whxdata\package_657_xml.js
whxdata\package_658_xml.js
whxdata\package_659_xml.js
whxdata\package_660_xml.js
whxdata\package_661_xml.js
whxdata\package_662_xml.js
whxdata\package_663_xml.js
whxdata\package_664_xml.js
whxdata\package_665_xml.js
whxdata\package_666_xml.js
whxdata\package_667_xml.js
whxdata\package_668_xml.js
whxdata\package_669_xml.js
whxdata\package_670_xml.js
whxdata\package_671_xml.js
whxdata\package_672_xml.js
whxdata\package_673_xml.js
whxdata\package_674_xml.js
whxdata\package_675_xml.js
whxdata\package_676_xml.js
whxdata\package_677_xml.js
whxdata\package_678_xml.js
whxdata\package_679_xml.js
whxdata\package_680_xml.js
whxdata\package_681_xml.js
whxdata\package_682_xml.js
whxdata\package_683_xml.js
whxdata\package_684_xml.js
whxdata\package_685_xml.js
whxdata\package_686_xml.js
whxdata\package_687_xml.js
whxdata\package_688_xml.js
whxdata\package_689_xml.js
whxdata\package_690_xml.js
whxdata\package_691_xml.js
whxdata\package_692_xml.js
whxdata\package_693_xml.js
whxdata\package_694_xml.js
whxdata\package_695_xml.js
whxdata\package_696_xml.js
whxdata\package_697_xml.js
whxdata\package_698_xml.js
whxdata\package_699_xml.js
whxdata\package_700_xml.js
whxdata\package_701_xml.js
whxdata\package_702_xml.js
whxdata\package_703_xml.js
whxdata\package_704_xml.js
whxdata\package_705_xml.js
whxdata\package_706_xml.js
whxdata\package_707_xml.js
whxdata\package_708_xml.js
whxdata\package_709_xml.js
whxdata\package_710_xml.js
whxdata\package_711_xml.js
whxdata\package_712_xml.js
whxdata\package_713_xml.js
whxdata\package_714_xml.js
whxdata\package_715_xml.js
whxdata\package_716_xml.js
whxdata\package_717_xml.js
whxdata\package_718_xml.js
whxdata\package_719_xml.js
whxdata\package_720_xml.js
whxdata\package_721_xml.js
whxdata\package_722_xml.js
whxdata\package_723_xml.js
whxdata\package_724_xml.js
whxdata\package_725_xml.js
whxdata\package_726_xml.js
whxdata\package_727_xml.js
whxdata\package_728_xml.js
whxdata\package_729_xml.js
whxdata\package_730_xml.js
whxdata\package_731_xml.js
whxdata\package_732_xml.js
whxdata\package_733_xml.js
whxdata\package_734_xml.js
whxdata\package_735_xml.js
whxdata\package_736_xml.js
whxdata\package_737_xml.js
whxdata\package_738_xml.js
whxdata\package_739_xml.js
whxdata\package_740_xml.js
whxdata\package_741_xml.js
whxdata\package_742_xml.js
whxdata\package_743_xml.js
whxdata\package_744_xml.js
whxdata\package_745_xml.js
whxdata\package_746_xml.js
whxdata\package_747_xml.js
whxdata\package_748_xml.js
whxdata\package_749_xml.js
whxdata\package_750_xml.js
whxdata\package_751_xml.js
whxdata\package_752_xml.js
whxdata\package_753_xml.js
whxdata\package_754_xml.js
whxdata\package_755_xml.js
whxdata\package_756_xml.js
whxdata\package_757_xml.js
whxdata\package_758_xml.js
whxdata\package_759_xml.js
whxdata\package_760_xml.js
whxdata\package_761_xml.js
whxdata\package_762_xml.js
whxdata\package_763_xml.js
whxdata\package_764_xml.js
whxdata\package_765_xml.js
whxdata\package_766_xml.js
whxdata\package_767_xml.js
whxdata\package_768_xml.js
whxdata\package_769_xml.js
whxdata\package_770_xml.js
whxdata\package_771_xml.js
whxdata\package_772_xml.js
whxdata\package_773_xml.js
whxdata\package_774_xml.js
whxdata\package_775_xml.js
whxdata\package_776_xml.js
whxdata\package_777_xml.js
whxdata\package_778_xml.js
whxdata\package_779_xml.js
whxdata\package_780_xml.js
whxdata\package_781_xml.js
whxdata\package_782_xml.js
whxdata\package_783_xml.js
whxdata\package_784_xml.js
whxdata\package_785_xml.js
whxdata\package_786_xml.js
whxdata\package_787_xml.js
whxdata\package_788_xml.js
whxdata\package_789_xml.js
whxdata\package_790_xml.js
whxdata\package_791_xml.js
whxdata\package_792_xml.js
whxdata\package_793_xml.js
whxdata\package_794_xml.js
whxdata\package_795_xml.js
whxdata\package_796_xml.js
whxdata\package_797_xml.js
whxdata\package_798_xml.js
whxdata\package_799_xml.js
whxdata\package_800_xml.js
whxdata\package_801_xml.js
whxdata\package_802_xml.js
whxdata\package_803_xml.js
whxdata\package_804_xml.js
whxdata\package_805_xml.js
whxdata\package_806_xml.js
whxdata\package_807_xml.js
whxdata\package_808_xml.js
whxdata\package_809_xml.js
whxdata\package_810_xml.js
whxdata\package_811_xml.js
whxdata\package_812_xml.js
whxdata\package_813_xml.js
whxdata\package_814_xml.js
whxdata\package_815_xml.js
whxdata\package_816_xml.js
whxdata\package_817_xml.js
whxdata\packageindex_xml.js
whxdata\synonym.xml
whxdata\synonym_xml.js
whxdata\topictable_0_xml.js
whxdata\topictable_1_xml.js
whxdata\topictable_2_xml.js
whxdata\topictable_3_xml.js
whxdata\topictable_4_xml.js
whxdata\topictable_5_xml.js
whxdata\topictable_6_xml.js
whxdata\topictable_7_xml.js
whxdata\topictable_8_xml.js
whxdata\topictable_9_xml.js
whxdata\topictable_10_xml.js
whxdata\topictable_11_xml.js
whxdata\topictable_12_xml.js
whxdata\topictable_13_xml.js
whxdata\topictableindex_xml.js
whxdata\whfts.xml
whxdata\whfts_xml.js
whxdata\csh.js
whxdata\window.js
projectdata.js
